TN:
SF:C:\Users\Administrator\Desktop\vue-bounce-checkbox\src\components\src\components\Checkbox.vue
FN:12,makeid
FN:61,(anonymous_1)
FN:65,(anonymous_2)
FN:69,(anonymous_3)
FN:73,(anonymous_4)
FNF:5
FNH:5
FNDA:1,makeid
FNDA:7,(anonymous_1)
FNDA:7,(anonymous_2)
FNDA:7,(anonymous_3)
FNDA:7,(anonymous_4)
DA:13,1
DA:14,1
DA:16,1
DA:17,5
DA:19,1
DA:62,7
DA:66,7
DA:70,7
DA:74,7
LF:9
LH:9
BRDA:62,0,0,7
BRDA:62,0,1,6
BRDA:66,1,0,7
BRDA:66,1,1,6
BRDA:70,2,0,7
BRDA:70,2,1,6
BRDA:74,3,0,7
BRDA:74,3,1,1
BRF:8
BRH:8
end_of_record
